<?xml version="1.0" encoding="UTF-8"?>
<testng-results ignored="0" total="1" passed="1" failed="0" skipped="0">
  <reporter-output>
  </reporter-output>
  <suite started-at="2024-12-10T20:14:21 IST" name="Default suite" finished-at="2024-12-10T20:16:17 IST" duration-ms="115487">
    <groups>
    </groups>
    <test started-at="2024-12-10T20:14:21 IST" name="Default test" finished-at="2024-12-10T20:16:17 IST" duration-ms="115487">
      <class name="testpkg.Logintest">
        <test-method is-config="true" signature="setup()[pri:0, instance:testpkg.Logintest@485966cc]" started-at="2024-12-10T20:14:21 IST" name="setup" finished-at="2024-12-10T20:15:05 IST" duration-ms="44232" status="PASS">
          <reporter-output>
          </reporter-output>
        </test-method> <!-- setup -->
        <test-method signature="testing()[pri:0, instance:testpkg.Logintest@485966cc]" started-at="2024-12-10T20:15:06 IST" name="testing" finished-at="2024-12-10T20:16:17 IST" duration-ms="70820" status="PASS">
          <reporter-output>
          </reporter-output>
        </test-method> <!-- testing -->
      </class> <!-- testpkg.Logintest -->
    </test> <!-- Default test -->
  </suite> <!-- Default suite -->
</testng-results>
